{"/home/gael/projets/scroll/sitex/repos/sitex/tests/sum.ts": {"path":"/home/gael/projets/scroll/sitex/repos/sitex/tests/sum.ts","all":false,"statementMap":{"0":{"start":{"line":1,"column":0},"end":{"line":1,"column":30}},"1":{"start":{"line":2,"column":0},"end":{"line":2,"column":17}},"2":{"start":{"line":3,"column":0},"end":{"line":3,"column":5}},"3":{"start":{"line":4,"column":0},"end":{"line":4,"column":23}}},"s":{"0":1,"1":1,"2":1,"3":1},"branchMap":{"0":{"type":"branch","line":1,"loc":{"start":{"line":1,"column":0},"end":{"line":3,"column":5}},"locations":[{"start":{"line":1,"column":0},"end":{"line":3,"column":5}}]}},"b":{"0":[1]},"fnMap":{"0":{"name":"sum","decl":{"start":{"line":1,"column":0},"end":{"line":3,"column":5}},"loc":{"start":{"line":1,"column":0},"end":{"line":3,"column":5}},"line":1}},"f":{"0":1}}
}
